0 info it worked if it ends with ok
1 verbose cli [ '/usr/bin/nodejs', '/usr/bin/npm', 'install', '-g', 'mancy' ]
2 info using npm@2.14.12
3 info using node@v4.2.6
4 verbose install initial load of /usr/lib/package.json
5 verbose readDependencies loading dependencies from /usr/lib/package.json
6 silly cache add args [ 'mancy', null ]
7 verbose cache add spec mancy
8 silly cache add parsed spec Result {
8 silly cache add   raw: 'mancy',
8 silly cache add   scope: null,
8 silly cache add   name: 'mancy',
8 silly cache add   rawSpec: '',
8 silly cache add   spec: 'latest',
8 silly cache add   type: 'tag' }
9 silly addNamed mancy@latest
10 verbose addNamed "latest" is being treated as a dist-tag for mancy
11 info addNameTag [ 'mancy', 'latest' ]
12 silly mapToRegistry name mancy
13 silly mapToRegistry using default registry
14 silly mapToRegistry registry http://registry.npmjs.org/
15 silly mapToRegistry uri http://registry.npmjs.org/mancy
16 verbose addNameTag registry:http://registry.npmjs.org/mancy not in flight; fetching
17 verbose request uri http://registry.npmjs.org/mancy
18 verbose request no auth needed
19 info attempt registry request try #1 at 12:11:04 AM
20 verbose request id 55ff80812ac2180b
21 http request GET http://registry.npmjs.org/mancy
22 http 200 http://registry.npmjs.org/mancy
23 verbose headers { server: 'CouchDB/1.5.0 (Erlang OTP/R16B03)',
23 verbose headers   etag: '"ARZ128ZM2AX7P6XWK03XABVVW"',
23 verbose headers   'content-type': 'application/json',
23 verbose headers   'cache-control': 'max-age=300',
23 verbose headers   'content-length': '11069',
23 verbose headers   'accept-ranges': 'bytes',
23 verbose headers   date: 'Fri, 29 Jan 2016 16:11:05 GMT',
23 verbose headers   via: '1.1 varnish',
23 verbose headers   age: '0',
23 verbose headers   connection: 'keep-alive',
23 verbose headers   'x-served-by': 'cache-hkg6827-HKG',
23 verbose headers   'x-cache': 'MISS',
23 verbose headers   'x-cache-hits': '0',
23 verbose headers   'x-timer': 'S1454083864.956131,VS0,VE860',
23 verbose headers   vary: 'Accept' }
24 silly get cb [ 200,
24 silly get   { server: 'CouchDB/1.5.0 (Erlang OTP/R16B03)',
24 silly get     etag: '"ARZ128ZM2AX7P6XWK03XABVVW"',
24 silly get     'content-type': 'application/json',
24 silly get     'cache-control': 'max-age=300',
24 silly get     'content-length': '11069',
24 silly get     'accept-ranges': 'bytes',
24 silly get     date: 'Fri, 29 Jan 2016 16:11:05 GMT',
24 silly get     via: '1.1 varnish',
24 silly get     age: '0',
24 silly get     connection: 'keep-alive',
24 silly get     'x-served-by': 'cache-hkg6827-HKG',
24 silly get     'x-cache': 'MISS',
24 silly get     'x-cache-hits': '0',
24 silly get     'x-timer': 'S1454083864.956131,VS0,VE860',
24 silly get     vary: 'Accept' } ]
25 verbose get saving mancy to /home/smile/.npm/registry.npmjs.org/mancy/.cache.json
26 silly addNameTag next cb for mancy with tag latest
27 silly addNamed mancy@2.2.0-2
28 verbose addNamed "2.2.0-2" is a plain semver version for mancy
29 silly mapToRegistry name mancy
30 silly mapToRegistry using default registry
31 silly mapToRegistry registry http://registry.npmjs.org/
32 silly mapToRegistry uri http://registry.npmjs.org/mancy
33 verbose addRemoteTarball http://registry.npmjs.org/mancy/-/mancy-2.2.0-2.tgz not in flight; adding
34 verbose addRemoteTarball [ 'http://registry.npmjs.org/mancy/-/mancy-2.2.0-2.tgz',
34 verbose addRemoteTarball   '415e23f4162b0568682559d69d3149f4653179f7' ]
35 info retry fetch attempt 1 at 12:11:05 AM
36 info attempt registry request try #1 at 12:11:05 AM
37 http fetch GET http://registry.npmjs.org/mancy/-/mancy-2.2.0-2.tgz
38 http fetch 200 http://registry.npmjs.org/mancy/-/mancy-2.2.0-2.tgz
39 silly fetchAndShaCheck shasum 415e23f4162b0568682559d69d3149f4653179f7
40 verbose addTmpTarball /tmp/npm-20214-acd5b37d/registry.npmjs.org/mancy/-/mancy-2.2.0-2.tgz not in flight; adding
41 verbose addTmpTarball already have metadata; skipping unpack for mancy@2.2.0-2
42 silly cache afterAdd mancy@2.2.0-2
43 verbose afterAdd /home/smile/.npm/mancy/2.2.0-2/package/package.json not in flight; writing
44 verbose afterAdd /home/smile/.npm/mancy/2.2.0-2/package/package.json written
45 silly install resolved [ { name: 'mancy',
45 silly install resolved     version: '2.2.0-2',
45 silly install resolved     description: 'Install latest binary for mancy repl',
45 silly install resolved     main: 'index.js',
45 silly install resolved     scripts:
45 silly install resolved      { postinstall: 'node download.js',
45 silly install resolved        test: 'echo "Error: no test specified" && exit 1' },
45 silly install resolved     repository:
45 silly install resolved      { type: 'git',
45 silly install resolved        url: 'git+https://github.com/princejwesley/npm-mancy.git' },
45 silly install resolved     bin: { mancy: 'cli.js' },
45 silly install resolved     keywords:
45 silly install resolved      [ 'repl',
45 silly install resolved        'GUI',
45 silly install resolved        'electron',
45 silly install resolved        'javascript',
45 silly install resolved        'coffeescript',
45 silly install resolved        'livescript',
45 silly install resolved        'typescript' ],
45 silly install resolved     author:
45 silly install resolved      { name: 'Prince John Wesley',
45 silly install resolved        email: 'princejohnwesley@gmail.com' },
45 silly install resolved     license: 'MIT',
45 silly install resolved     bugs: { url: 'https://github.com/princejwesley/npm-mancy/issues' },
45 silly install resolved     homepage: 'https://github.com/princejwesley/npm-mancy#README.md',
45 silly install resolved     dependencies:
45 silly install resolved      { del: '^2.2.0',
45 silly install resolved        'extract-zip': '^1.3.0',
45 silly install resolved        mkdirp: '^0.5.1',
45 silly install resolved        nugget: '^1.6.0' },
45 silly install resolved     gitHead: '7d8f5e35781ace3c4977144b73cc469487a09a25',
45 silly install resolved     _id: 'mancy@2.2.0-2',
45 silly install resolved     _shasum: '415e23f4162b0568682559d69d3149f4653179f7',
45 silly install resolved     _from: 'mancy@latest',
45 silly install resolved     _npmVersion: '3.3.12',
45 silly install resolved     _nodeVersion: '5.4.0',
45 silly install resolved     _npmUser: { name: 'princejwesley', email: 'princejohnwesley@gmail.com' },
45 silly install resolved     dist:
45 silly install resolved      { shasum: '415e23f4162b0568682559d69d3149f4653179f7',
45 silly install resolved        tarball: 'http://registry.npmjs.org/mancy/-/mancy-2.2.0-2.tgz' },
45 silly install resolved     maintainers: [ [Object] ],
45 silly install resolved     directories: {},
45 silly install resolved     _resolved: 'http://registry.npmjs.org/mancy/-/mancy-2.2.0-2.tgz' } ]
46 info install mancy@2.2.0-2 into /usr/lib
47 info installOne mancy@2.2.0-2
48 verbose installOne of mancy to /usr/lib not in flight; installing
49 verbose lock using /home/smile/.npm/_locks/mancy-855d8975aad0a230.lock for /usr/lib/node_modules/mancy
50 silly install write writing mancy 2.2.0-2 to /usr/lib/node_modules/mancy
51 verbose unbuild lib/node_modules/mancy
52 silly gentlyRm /usr/lib/node_modules/mancy is being purged from base /usr
53 verbose gentlyRm don't care about contents; nuking /usr/lib/node_modules/mancy
54 verbose tar unpack /home/smile/.npm/mancy/2.2.0-2/package.tgz
55 verbose tar unpacking to /usr/lib/node_modules/mancy
56 silly gentlyRm /usr/lib/node_modules/mancy is being purged
57 verbose gentlyRm don't care about contents; nuking /usr/lib/node_modules/mancy
58 silly gunzTarPerm modes [ '775', '664' ]
59 error tar.unpack untar error /home/smile/.npm/mancy/2.2.0-2/package.tgz
60 verbose unlock done using /home/smile/.npm/_locks/mancy-855d8975aad0a230.lock for /usr/lib/node_modules/mancy
61 verbose fstream_path /usr/lib/node_modules/mancy
62 verbose fstream_type Directory
63 verbose fstream_class DirWriter
64 verbose stack Error: EACCES: permission denied, mkdir '/usr/lib/node_modules/mancy'
64 verbose stack     at Error (native)
65 verbose fstream_stack /usr/lib/node_modules/npm/node_modules/fstream/lib/dir-writer.js:35:25
65 verbose fstream_stack /usr/lib/node_modules/npm/node_modules/mkdirp/index.js:47:53
65 verbose fstream_stack FSReqWrap.oncomplete (fs.js:82:15)
66 verbose cwd /home/smile/workspace/smileboywtu.github.io
67 error Linux 3.16.0-59-generic
68 error argv "/usr/bin/nodejs" "/usr/bin/npm" "install" "-g" "mancy"
69 error node v4.2.6
70 error npm  v2.14.12
71 error path /usr/lib/node_modules/mancy
72 error code EACCES
73 error errno -13
74 error syscall mkdir
75 error Error: EACCES: permission denied, mkdir '/usr/lib/node_modules/mancy'
75 error     at Error (native)
75 error  { [Error: EACCES: permission denied, mkdir '/usr/lib/node_modules/mancy']
75 error   errno: -13,
75 error   code: 'EACCES',
75 error   syscall: 'mkdir',
75 error   path: '/usr/lib/node_modules/mancy',
75 error   fstream_type: 'Directory',
75 error   fstream_path: '/usr/lib/node_modules/mancy',
75 error   fstream_class: 'DirWriter',
75 error   fstream_stack:
75 error    [ '/usr/lib/node_modules/npm/node_modules/fstream/lib/dir-writer.js:35:25',
75 error      '/usr/lib/node_modules/npm/node_modules/mkdirp/index.js:47:53',
75 error      'FSReqWrap.oncomplete (fs.js:82:15)' ] }
76 error Please try running this command again as root/Administrator.
77 verbose exit [ -13, true ]
78 verbose unbuild lib/node_modules/mancy
79 silly gentlyRm /usr/lib/node_modules/mancy is being purged from base /usr
80 verbose gentlyRm don't care about contents; nuking /usr/lib/node_modules/mancy
